<?xml version="1.0" encoding="UTF-8"?>
<!-- Generated by org.testng.reporters.JUnitXMLReporter -->
<testsuite ignored="0" hostname="Akarshak" failures="0" tests="2" name="Error Validation" time="33.369" errors="0" timestamp="2024-04-27T16:04:36 IST">
  <testcase classname="RahulShethyAcademy.SeleniumFrameworkDesign.ErrorValidation" name="loginErrorValidation" time="0.536"/>
  <testcase classname="RahulShethyAcademy.SeleniumFrameworkDesign.ErrorValidation" name="productErrorValidation" time="4.317"/>
</testsuite> <!-- Error Validation -->
