<?xml version="1.0" encoding="UTF-8"?>
<!-- Generated by org.testng.reporters.JUnitXMLReporter -->
<testsuite ignored="0" hostname="Akarshak" failures="0" tests="3" name="Submit Test" time="54.6" errors="0" timestamp="2024-04-27T16:04:57 IST">
  <testcase classname="RahulShethyAcademy.SeleniumFrameworkDesign.StandAloneTest" name="submitOrder" time="15.043"/>
  <testcase classname="RahulShethyAcademy.SeleniumFrameworkDesign.StandAloneTest" name="submitOrder" time="9.846"/>
  <testcase classname="RahulShethyAcademy.SeleniumFrameworkDesign.StandAloneTest" name="orderHistoryValidation" time="1.551"/>
</testsuite> <!-- Submit Test -->
