<?xml version="1.0" encoding="UTF-8"?>
<!-- Generated by org.testng.reporters.JUnitXMLReporter -->
<testsuite ignored="0" hostname="Akarshak" failures="0" tests="3" name="Submit Test" time="76.231" errors="0" timestamp="2024-04-27T15:47:51 IST">
  <testcase classname="RahulShethyAcademy.SeleniumFrameworkDesign.StandAloneTest" name="submitOrder" time="21.722"/>
  <testcase classname="RahulShethyAcademy.SeleniumFrameworkDesign.StandAloneTest" name="submitOrder" time="9.733"/>
  <testcase classname="RahulShethyAcademy.SeleniumFrameworkDesign.StandAloneTest" name="orderHistoryValidation" time="1.155"/>
</testsuite> <!-- Submit Test -->
