<?xml version="1.0" encoding="UTF-8"?>
<testng-results ignored="0" total="5" passed="5" failed="0" skipped="0">
  <reporter-output>
  </reporter-output>
  <suite started-at="2024-04-27T16:04:02 IST" name="Suite" finished-at="2024-04-27T16:04:57 IST" duration-ms="54600">
    <groups>
      <group name="ErrorValidation">
        <method signature="ErrorValidation.productErrorValidation()[pri:0, instance:RahulShethyAcademy.SeleniumFrameworkDesign.ErrorValidation@7a362b6b]" name="productErrorValidation" class="RahulShethyAcademy.SeleniumFrameworkDesign.ErrorValidation"/>
      </group> <!-- ErrorValidation -->
      <group name="purchase">
        <method signature="StandAloneTest.submitOrder(java.util.HashMap)[pri:0, instance:RahulShethyAcademy.SeleniumFrameworkDesign.StandAloneTest@12f9af83]" name="submitOrder" class="RahulShethyAcademy.SeleniumFrameworkDesign.StandAloneTest"/>
      </group> <!-- purchase -->
    </groups>
    <test started-at="2024-04-27T16:04:02 IST" name="Error Validation" finished-at="2024-04-27T16:04:36 IST" duration-ms="33369">
      <class name="RahulShethyAcademy.SeleniumFrameworkDesign.ErrorValidation">
        <test-method is-config="true" signature="lunchApplication()[pri:0, instance:RahulShethyAcademy.SeleniumFrameworkDesign.ErrorValidation@7a362b6b]" started-at="2024-04-27T16:04:02 IST" name="lunchApplication" finished-at="2024-04-27T16:04:11 IST" duration-ms="8662" status="PASS">
          <reporter-output>
          </reporter-output>
        </test-method> <!-- lunchApplication -->
        <test-method signature="loginErrorValidation()[pri:0, instance:RahulShethyAcademy.SeleniumFrameworkDesign.ErrorValidation@7a362b6b]" started-at="2024-04-27T16:04:11 IST" name="loginErrorValidation" finished-at="2024-04-27T16:04:11 IST" duration-ms="536" status="PASS">
          <reporter-output>
          </reporter-output>
        </test-method> <!-- loginErrorValidation -->
        <test-method is-config="true" signature="shutDown()[pri:0, instance:RahulShethyAcademy.SeleniumFrameworkDesign.ErrorValidation@7a362b6b]" started-at="2024-04-27T16:04:11 IST" name="shutDown" finished-at="2024-04-27T16:04:12 IST" duration-ms="284" status="PASS">
          <reporter-output>
          </reporter-output>
        </test-method> <!-- shutDown -->
        <test-method is-config="true" signature="lunchApplication()[pri:0, instance:RahulShethyAcademy.SeleniumFrameworkDesign.ErrorValidation@7a362b6b]" started-at="2024-04-27T16:04:12 IST" name="lunchApplication" finished-at="2024-04-27T16:04:25 IST" duration-ms="12767" status="PASS">
          <reporter-output>
          </reporter-output>
        </test-method> <!-- lunchApplication -->
        <test-method signature="productErrorValidation()[pri:0, instance:RahulShethyAcademy.SeleniumFrameworkDesign.ErrorValidation@7a362b6b]" started-at="2024-04-27T16:04:25 IST" name="productErrorValidation" finished-at="2024-04-27T16:04:29 IST" duration-ms="4317" status="PASS">
          <reporter-output>
          </reporter-output>
        </test-method> <!-- productErrorValidation -->
        <test-method is-config="true" signature="shutDown()[pri:0, instance:RahulShethyAcademy.SeleniumFrameworkDesign.ErrorValidation@7a362b6b]" started-at="2024-04-27T16:04:29 IST" name="shutDown" finished-at="2024-04-27T16:04:36 IST" duration-ms="6735" status="PASS">
          <reporter-output>
          </reporter-output>
        </test-method> <!-- shutDown -->
      </class> <!-- RahulShethyAcademy.SeleniumFrameworkDesign.ErrorValidation -->
    </test> <!-- Error Validation -->
    <test started-at="2024-04-27T16:04:02 IST" name="Submit Test" finished-at="2024-04-27T16:04:57 IST" duration-ms="54600">
      <class name="RahulShethyAcademy.SeleniumFrameworkDesign.StandAloneTest">
        <test-method is-config="true" signature="lunchApplication()[pri:0, instance:RahulShethyAcademy.SeleniumFrameworkDesign.StandAloneTest@12f9af83]" started-at="2024-04-27T16:04:03 IST" name="lunchApplication" finished-at="2024-04-27T16:04:11 IST" duration-ms="7921" status="PASS">
          <reporter-output>
          </reporter-output>
        </test-method> <!-- lunchApplication -->
        <test-method signature="submitOrder(java.util.HashMap)[pri:0, instance:RahulShethyAcademy.SeleniumFrameworkDesign.StandAloneTest@12f9af83]" started-at="2024-04-27T16:04:11 IST" name="submitOrder" data-provider="getData" finished-at="2024-04-27T16:04:26 IST" duration-ms="15043" status="PASS">
          <params>
            <param index="0">
              <value>
                <![CDATA[{password=Radha@108, email=jagnath52kol@gmail.com, productName=IPHONE 13 PRO}]]>
              </value>
            </param>
          </params>
          <reporter-output>
          </reporter-output>
        </test-method> <!-- submitOrder -->
        <test-method is-config="true" signature="shutDown()[pri:0, instance:RahulShethyAcademy.SeleniumFrameworkDesign.StandAloneTest@12f9af83]" started-at="2024-04-27T16:04:26 IST" name="shutDown" finished-at="2024-04-27T16:04:27 IST" duration-ms="1318" status="PASS">
          <reporter-output>
          </reporter-output>
        </test-method> <!-- shutDown -->
        <test-method is-config="true" signature="lunchApplication()[pri:0, instance:RahulShethyAcademy.SeleniumFrameworkDesign.StandAloneTest@12f9af83]" started-at="2024-04-27T16:04:27 IST" name="lunchApplication" finished-at="2024-04-27T16:04:40 IST" duration-ms="12672" status="PASS">
          <reporter-output>
          </reporter-output>
        </test-method> <!-- lunchApplication -->
        <test-method signature="submitOrder(java.util.HashMap)[pri:0, instance:RahulShethyAcademy.SeleniumFrameworkDesign.StandAloneTest@12f9af83]" started-at="2024-04-27T16:04:40 IST" name="submitOrder" data-provider="getData" finished-at="2024-04-27T16:04:50 IST" duration-ms="9846" status="PASS">
          <params>
            <param index="0">
              <value>
                <![CDATA[{password=Radha@108, email=RadhaKrishna108@gmail.com, productName=ADIDAS ORIGINAL}]]>
              </value>
            </param>
          </params>
          <reporter-output>
          </reporter-output>
        </test-method> <!-- submitOrder -->
        <test-method is-config="true" signature="shutDown()[pri:0, instance:RahulShethyAcademy.SeleniumFrameworkDesign.StandAloneTest@12f9af83]" started-at="2024-04-27T16:04:50 IST" name="shutDown" finished-at="2024-04-27T16:04:51 IST" duration-ms="1400" status="PASS">
          <reporter-output>
          </reporter-output>
        </test-method> <!-- shutDown -->
        <test-method is-config="true" signature="lunchApplication()[pri:0, instance:RahulShethyAcademy.SeleniumFrameworkDesign.StandAloneTest@12f9af83]" started-at="2024-04-27T16:04:51 IST" name="lunchApplication" finished-at="2024-04-27T16:04:55 IST" duration-ms="4251" status="PASS">
          <reporter-output>
          </reporter-output>
        </test-method> <!-- lunchApplication -->
        <test-method signature="orderHistoryValidation()[pri:0, instance:RahulShethyAcademy.SeleniumFrameworkDesign.StandAloneTest@12f9af83]" started-at="2024-04-27T16:04:55 IST" name="orderHistoryValidation" finished-at="2024-04-27T16:04:57 IST" depends-on-methods="RahulShethyAcademy.SeleniumFrameworkDesign.StandAloneTest.submitOrder" duration-ms="1551" status="PASS">
          <reporter-output>
          </reporter-output>
        </test-method> <!-- orderHistoryValidation -->
        <test-method is-config="true" signature="shutDown()[pri:0, instance:RahulShethyAcademy.SeleniumFrameworkDesign.StandAloneTest@12f9af83]" started-at="2024-04-27T16:04:57 IST" name="shutDown" finished-at="2024-04-27T16:04:57 IST" duration-ms="116" status="PASS">
          <reporter-output>
          </reporter-output>
        </test-method> <!-- shutDown -->
      </class> <!-- RahulShethyAcademy.SeleniumFrameworkDesign.StandAloneTest -->
    </test> <!-- Submit Test -->
  </suite> <!-- Suite -->
</testng-results>
